<?xml version="1.0" encoding="UTF-8"?>
<testng-results ignored="0" total="2" passed="2" failed="0" skipped="0">
  <reporter-output>
  </reporter-output>
  <suite started-at="2024-03-04T12:34:40 IST" name="Suite" finished-at="2024-03-04T12:34:52 IST" duration-ms="12569">
    <groups>
      <group name="regression">
        <method signature="TC_001_AccountRegistrationTest.test_account_registration()[pri:0, instance:TestCases.TC_001_AccountRegistrationTest@1dde4cb2]" name="test_account_registration" class="TestCases.TC_001_AccountRegistrationTest"/>
      </group> <!-- regression -->
      <group name="sanity">
        <method signature="TC_002_LoginTest.logintest()[pri:0, instance:TestCases.TC_002_LoginTest@72057ecf]" name="logintest" class="TestCases.TC_002_LoginTest"/>
      </group> <!-- sanity -->
      <group name="master">
        <method signature="TC_001_AccountRegistrationTest.test_account_registration()[pri:0, instance:TestCases.TC_001_AccountRegistrationTest@1dde4cb2]" name="test_account_registration" class="TestCases.TC_001_AccountRegistrationTest"/>
      </group> <!-- master -->
    </groups>
    <test started-at="2024-03-04T12:34:40 IST" name="Test" finished-at="2024-03-04T12:34:52 IST" duration-ms="12569">
      <class name="TestCases.TC_001_AccountRegistrationTest">
        <test-method is-config="true" signature="setup(java.lang.String)[pri:0, instance:TestCases.TC_001_AccountRegistrationTest@1dde4cb2]" started-at="2024-03-04T12:34:40 IST" name="setup" finished-at="2024-03-04T12:34:44 IST" duration-ms="3759" status="PASS">
          <params>
            <param index="0">
              <value>
                <![CDATA[edge]]>
              </value>
            </param>
          </params>
          <reporter-output>
          </reporter-output>
        </test-method> <!-- setup -->
        <test-method signature="test_account_registration()[pri:0, instance:TestCases.TC_001_AccountRegistrationTest@1dde4cb2]" started-at="2024-03-04T12:34:44 IST" name="test_account_registration" finished-at="2024-03-04T12:34:46 IST" duration-ms="2137" status="PASS">
          <reporter-output>
          </reporter-output>
        </test-method> <!-- test_account_registration -->
        <test-method is-config="true" signature="tearDown()[pri:0, instance:TestCases.TC_001_AccountRegistrationTest@1dde4cb2]" started-at="2024-03-04T12:34:46 IST" name="tearDown" finished-at="2024-03-04T12:34:47 IST" duration-ms="1331" status="PASS">
          <reporter-output>
          </reporter-output>
        </test-method> <!-- tearDown -->
      </class> <!-- TestCases.TC_001_AccountRegistrationTest -->
      <class name="TestCases.TC_002_LoginTest">
        <test-method is-config="true" signature="setup(java.lang.String)[pri:0, instance:TestCases.TC_002_LoginTest@72057ecf]" started-at="2024-03-04T12:34:47 IST" name="setup" finished-at="2024-03-04T12:34:50 IST" duration-ms="2359" status="PASS">
          <params>
            <param index="0">
              <value>
                <![CDATA[edge]]>
              </value>
            </param>
          </params>
          <reporter-output>
          </reporter-output>
        </test-method> <!-- setup -->
        <test-method signature="logintest()[pri:0, instance:TestCases.TC_002_LoginTest@72057ecf]" started-at="2024-03-04T12:34:50 IST" name="logintest" finished-at="2024-03-04T12:34:51 IST" duration-ms="1385" status="PASS">
          <reporter-output>
          </reporter-output>
        </test-method> <!-- logintest -->
        <test-method is-config="true" signature="tearDown()[pri:0, instance:TestCases.TC_002_LoginTest@72057ecf]" started-at="2024-03-04T12:34:51 IST" name="tearDown" finished-at="2024-03-04T12:34:52 IST" duration-ms="1328" status="PASS">
          <reporter-output>
          </reporter-output>
        </test-method> <!-- tearDown -->
      </class> <!-- TestCases.TC_002_LoginTest -->
    </test> <!-- Test -->
  </suite> <!-- Suite -->
</testng-results>
