<?xml version="1.0" encoding="UTF-8"?>
<testng-results ignored="0" total="2" passed="2" failed="0" skipped="0">
  <reporter-output>
  </reporter-output>
  <suite started-at="2024-03-04T12:29:03 IST" name="Suite" finished-at="2024-03-04T12:29:16 IST" duration-ms="12945">
    <groups>
      <group name="regression">
        <method signature="TC_001_AccountRegistrationTest.test_account_registration()[pri:0, instance:TestCases.TC_001_AccountRegistrationTest@3590fc5b]" name="test_account_registration" class="TestCases.TC_001_AccountRegistrationTest"/>
      </group> <!-- regression -->
      <group name="sanity">
        <method signature="TC_002_LoginTest.logintest()[pri:0, instance:TestCases.TC_002_LoginTest@618b19ad]" name="logintest" class="TestCases.TC_002_LoginTest"/>
      </group> <!-- sanity -->
      <group name="master">
        <method signature="TC_001_AccountRegistrationTest.test_account_registration()[pri:0, instance:TestCases.TC_001_AccountRegistrationTest@3590fc5b]" name="test_account_registration" class="TestCases.TC_001_AccountRegistrationTest"/>
      </group> <!-- master -->
    </groups>
    <test started-at="2024-03-04T12:29:03 IST" name="Test" finished-at="2024-03-04T12:29:16 IST" duration-ms="12945">
      <class name="TestCases.TC_001_AccountRegistrationTest">
        <test-method is-config="true" signature="setup(java.lang.String)[pri:0, instance:TestCases.TC_001_AccountRegistrationTest@3590fc5b]" started-at="2024-03-04T12:29:03 IST" name="setup" finished-at="2024-03-04T12:29:07 IST" duration-ms="3669" status="PASS">
          <params>
            <param index="0">
              <value>
                <![CDATA[edge]]>
              </value>
            </param>
          </params>
          <reporter-output>
          </reporter-output>
        </test-method> <!-- setup -->
        <test-method signature="test_account_registration()[pri:0, instance:TestCases.TC_001_AccountRegistrationTest@3590fc5b]" started-at="2024-03-04T12:29:07 IST" name="test_account_registration" finished-at="2024-03-04T12:29:09 IST" duration-ms="2410" status="PASS">
          <reporter-output>
          </reporter-output>
        </test-method> <!-- test_account_registration -->
        <test-method is-config="true" signature="tearDown()[pri:0, instance:TestCases.TC_001_AccountRegistrationTest@3590fc5b]" started-at="2024-03-04T12:29:09 IST" name="tearDown" finished-at="2024-03-04T12:29:11 IST" duration-ms="1344" status="PASS">
          <reporter-output>
          </reporter-output>
        </test-method> <!-- tearDown -->
      </class> <!-- TestCases.TC_001_AccountRegistrationTest -->
      <class name="TestCases.TC_002_LoginTest">
        <test-method is-config="true" signature="setup(java.lang.String)[pri:0, instance:TestCases.TC_002_LoginTest@618b19ad]" started-at="2024-03-04T12:29:11 IST" name="setup" finished-at="2024-03-04T12:29:13 IST" duration-ms="2360" status="PASS">
          <params>
            <param index="0">
              <value>
                <![CDATA[edge]]>
              </value>
            </param>
          </params>
          <reporter-output>
          </reporter-output>
        </test-method> <!-- setup -->
        <test-method signature="logintest()[pri:0, instance:TestCases.TC_002_LoginTest@618b19ad]" started-at="2024-03-04T12:29:13 IST" name="logintest" finished-at="2024-03-04T12:29:14 IST" duration-ms="1539" status="PASS">
          <reporter-output>
          </reporter-output>
        </test-method> <!-- logintest -->
        <test-method is-config="true" signature="tearDown()[pri:0, instance:TestCases.TC_002_LoginTest@618b19ad]" started-at="2024-03-04T12:29:14 IST" name="tearDown" finished-at="2024-03-04T12:29:16 IST" duration-ms="1298" status="PASS">
          <reporter-output>
          </reporter-output>
        </test-method> <!-- tearDown -->
      </class> <!-- TestCases.TC_002_LoginTest -->
    </test> <!-- Test -->
  </suite> <!-- Suite -->
</testng-results>
